# JRE version: OpenJDK Runtime Environment Microsoft-8035246 (17.0.8+7) (build 17.0.8+7-LTS)
# Java VM: OpenJDK 64-Bit Server VM Microsoft-8035246 (17.0.8+7-LTS, mixed mode, sharing, tiered, compressed oops, compressed class ptrs, g1 gc, windows-amd64)
GC Precious Log:
 CPUs: 8 total, 8 available
 Memory: 15809M
 Large Page Support: Disabled
 NUMA Support: Disabled
 Compressed Oops: Enabled (32-bit)
 Heap Region Size: 1M
 Heap Min Capacity: 8M
 Heap Initial Capacity: 248M
 Heap Max Capacity: 2G
 Pre-touch: Disabled
 Parallel Workers: 8
 Concurrent Workers: 2
 Concurrent Refinement Workers: 8
 Periodic GC: Disabled
Heap:
 garbage-first heap   total 196608K, used 165259K [0x0000000080000000, 0x0000000100000000)
  region size 1024K, 12 young (12288K), 2 survivors (2048K)
 Metaspace       used 102994K, committed 103936K, reserved 557056K
  class space    used 14332K, committed 14784K, reserved 425984K
GC Heap History (20 events):
Event: 42.752 GC heap before
{Heap before GC invocations=63 (full 0):
 garbage-first heap   total 196608K, used 161171K [0x0000000080000000, 0x0000000100000000)
  region size 1024K, 27 young (27648K), 2 survivors (2048K)
 Metaspace       used 99003K, committed 99968K, reserved 557056K
  class space    used 13864K, committed 14336K, reserved 425984K
}
Event: 42.755 GC heap after
{Heap after GC invocations=64 (full 0):
 garbage-first heap   total 196608K, used 137787K [0x0000000080000000, 0x0000000100000000)
  region size 1024K, 3 young (3072K), 3 survivors (3072K)
 Metaspace       used 99003K, committed 99968K, reserved 557056K
  class space    used 13864K, committed 14336K, reserved 425984K
}
Event: 43.579 GC heap before
{Heap before GC invocations=64 (full 0):
 garbage-first heap   total 196608K, used 164411K [0x0000000080000000, 0x0000000100000000)
  region size 1024K, 29 young (29696K), 3 survivors (3072K)
 Metaspace       used 100002K, committed 100992K, reserved 557056K
  class space    used 13992K, committed 14464K, reserved 425984K
}
Event: 43.586 GC heap after
{Heap after GC invocations=65 (full 0):
 garbage-first heap   total 196608K, used 140450K [0x0000000080000000, 0x0000000100000000)
  region size 1024K, 4 young (4096K), 4 survivors (4096K)
 Metaspace       used 100002K, committed 100992K, reserved 557056K
  class space    used 13992K, committed 14464K, reserved 425984K
}
Event: 44.486 GC heap before
{Heap before GC invocations=65 (full 0):
 garbage-first heap   total 196608K, used 165026K [0x0000000080000000, 0x0000000100000000)
  region size 1024K, 29 young (29696K), 4 survivors (4096K)
 Metaspace       used 101058K, committed 102016K, reserved 557056K
  class space    used 14126K, committed 14592K, reserved 425984K
}
Event: 44.492 GC heap after
{Heap after GC invocations=66 (full 0):
 garbage-first heap   total 196608K, used 143411K [0x0000000080000000, 0x0000000100000000)
  region size 1024K, 3 young (3072K), 3 survivors (3072K)
 Metaspace       used 101058K, committed 102016K, reserved 557056K
  class space    used 14126K, committed 14592K, reserved 425984K
}
Event: 45.879 GC heap before
{Heap before GC invocations=66 (full 0):
 garbage-first heap   total 196608K, used 166963K [0x0000000080000000, 0x0000000100000000)
  region size 1024K, 26 young (26624K), 3 survivors (3072K)
 Metaspace       used 101406K, committed 102336K, reserved 557056K
  class space    used 14148K, committed 14592K, reserved 425984K
}
Event: 45.884 GC heap after
{Heap after GC invocations=67 (full 0):
 garbage-first heap   total 196608K, used 145771K [0x0000000080000000, 0x0000000100000000)
  region size 1024K, 3 young (3072K), 3 survivors (3072K)
 Metaspace       used 101406K, committed 102336K, reserved 557056K
  class space    used 14148K, committed 14592K, reserved 425984K
}
Event: 46.900 GC heap before
{Heap before GC invocations=67 (full 0):
 garbage-first heap   total 196608K, used 167275K [0x0000000080000000, 0x0000000100000000)
  region size 1024K, 24 young (24576K), 3 survivors (3072K)
 Metaspace       used 101719K, committed 102656K, reserved 557056K
  class space    used 14183K, committed 14656K, reserved 425984K
}
Event: 46.905 GC heap after
{Heap after GC invocations=68 (full 0):
 garbage-first heap   total 196608K, used 148351K [0x0000000080000000, 0x0000000100000000)
  region size 1024K, 3 young (3072K), 3 survivors (3072K)
 Metaspace       used 101719K, committed 102656K, reserved 557056K
  class space    used 14183K, committed 14656K, reserved 425984K
}
Event: 47.936 GC heap before
{Heap before GC invocations=68 (full 0):
 garbage-first heap   total 196608K, used 166783K [0x0000000080000000, 0x0000000100000000)
  region size 1024K, 22 young (22528K), 3 survivors (3072K)
 Metaspace       used 102265K, committed 103232K, reserved 557056K
  class space    used 14273K, committed 14720K, reserved 425984K
}
Event: 47.942 GC heap after
{Heap after GC invocations=69 (full 0):
 garbage-first heap   total 196608K, used 150409K [0x0000000080000000, 0x0000000100000000)
  region size 1024K, 3 young (3072K), 3 survivors (3072K)
 Metaspace       used 102265K, committed 103232K, reserved 557056K
  class space    used 14273K, committed 14720K, reserved 425984K
}
Event: 48.318 GC heap before
{Heap before GC invocations=69 (full 0):
 garbage-first heap   total 196608K, used 167817K [0x0000000080000000, 0x0000000100000000)
  region size 1024K, 21 young (21504K), 3 survivors (3072K)
 Metaspace       used 102455K, committed 103424K, reserved 557056K
  class space    used 14282K, committed 14784K, reserved 425984K
}
Event: 48.322 GC heap after
{Heap after GC invocations=70 (full 0):
 garbage-first heap   total 196608K, used 151229K [0x0000000080000000, 0x0000000100000000)
  region size 1024K, 1 young (1024K), 1 survivors (1024K)
 Metaspace       used 102455K, committed 103424K, reserved 557056K
  class space    used 14282K, committed 14784K, reserved 425984K
}
Event: 49.299 GC heap before
{Heap before GC invocations=70 (full 0):
 garbage-first heap   total 196608K, used 169661K [0x0000000080000000, 0x0000000100000000)
  region size 1024K, 19 young (19456K), 1 survivors (1024K)
 Metaspace       used 102625K, committed 103616K, reserved 557056K
  class space    used 14282K, committed 14784K, reserved 425984K
}
Event: 49.303 GC heap after
{Heap after GC invocations=71 (full 0):
 garbage-first heap   total 196608K, used 151673K [0x0000000080000000, 0x0000000100000000)
  region size 1024K, 2 young (2048K), 2 survivors (2048K)
 Metaspace       used 102625K, committed 103616K, reserved 557056K
  class space    used 14282K, committed 14784K, reserved 425984K
}
Event: 50.049 GC heap before
{Heap before GC invocations=71 (full 0):
 garbage-first heap   total 196608K, used 169081K [0x0000000080000000, 0x0000000100000000)
  region size 1024K, 20 young (20480K), 2 survivors (2048K)
 Metaspace       used 102885K, committed 103872K, reserved 557056K
  class space    used 14332K, committed 14784K, reserved 425984K
}
Event: 50.053 GC heap after
{Heap after GC invocations=72 (full 0):
 garbage-first heap   total 196608K, used 154696K [0x0000000080000000, 0x0000000100000000)
  region size 1024K, 3 young (3072K), 3 survivors (3072K)
 Metaspace       used 102885K, committed 103872K, reserved 557056K
  class space    used 14332K, committed 14784K, reserved 425984K
}
Event: 50.531 GC heap before
{Heap before GC invocations=72 (full 0):
 garbage-first heap   total 196608K, used 168008K [0x0000000080000000, 0x0000000100000000)
  region size 1024K, 17 young (17408K), 3 survivors (3072K)
 Metaspace       used 102966K, committed 103936K, reserved 557056K
  class space    used 14332K, committed 14784K, reserved 425984K
}
Event: 50.535 GC heap after
{Heap after GC invocations=73 (full 0):
 garbage-first heap   total 196608K, used 156043K [0x0000000080000000, 0x0000000100000000)
  region size 1024K, 2 young (2048K), 2 survivors (2048K)
 Metaspace       used 102966K, committed 103936K, reserved 557056K
  class space    used 14332K, committed 14784K, reserved 425984K
}

